2024-02-13 21:04:48,509 - INFO - views.py - post - ADD DISH | Save table: MenuByDay products with ids: 580,580 - /home/alice/Загрузки/work/hadassah/doctor/views.py
2024-02-13 21:04:48,514 - INFO - views.py - post - ADD DISH |  status: flex-order |  table: ModifiedDish | product"s id: 580 | user: Агабабаева Марал Иосифовна | meal: breakfast | category: garnish | date: 2024-02-14 - /home/alice/Загрузки/work/hadassah/doctor/views.py
2024-02-13 21:05:06,489 - INFO - views.py - post - ADD DISH | Save table: MenuByDay products with ids: 458,579 - /home/alice/Загрузки/work/hadassah/doctor/views.py
2024-02-13 21:05:06,494 - INFO - views.py - post - ADD DISH |  status: flex-order |  table: ModifiedDish | product"s id: 579 | user: Агабабаева Марал Иосифовна | meal: breakfast | category: drink | date: 2024-02-14 - /home/alice/Загрузки/work/hadassah/doctor/views.py
2024-02-13 21:07:53,381 - INFO - views.py - post - ADD DISH | Save table: MenuByDay products with ids: 458,579,474 - /home/alice/Загрузки/work/hadassah/doctor/views.py
2024-02-13 21:07:53,386 - INFO - views.py - post - ADD DISH |  status: flex-order |  table: ModifiedDish | product"s id: 474 | user: Агабабаева Марал Иосифовна | meal: breakfast | category: drink | date: 2024-02-14 - /home/alice/Загрузки/work/hadassah/doctor/views.py
2024-02-13 11:35:26,136 - INFO - views.py - post - ADD DISH | Save table: MenuByDayReadyOrder products with ids: 463,267 - /home/alice/Загрузки/work/hadassah/doctor/views.py
2024-02-13 11:35:38,706 - INFO - views.py - post - ADD DISH | Save table: MenuByDayReadyOrder products with ids: 463,267 - /home/alice/Загрузки/work/hadassah/doctor/views.py
2024-02-13 11:35:38,711 - INFO - views.py - post - ADD DISH | Save table: MenuByDayReadyOrder products with ids: 463,267 - /home/alice/Загрузки/work/hadassah/doctor/views.py
2024-02-13 11:35:38,715 - INFO - views.py - post - ADD DISH |  status: fix-order |  table: ModifiedDish | product"s id: 267 | user: Агабабаева Марал Иосифовна | meal: lunch | category: garnish | date: 2024-02-13 - /home/alice/Загрузки/work/hadassah/doctor/views.py
2024-02-13 22:37:13,242 - INFO - views.py - post - ADD DISH | Save table: MenuByDay products with ids: 580 - /home/alice/Загрузки/work/hadassah/doctor/views.py
2024-02-13 22:37:13,247 - INFO - views.py - post - ADD DISH |  status: flex-order |  table: ModifiedDish | product"s id: 580 | user: Агабабаева Марал Иосифовна | meal: breakfast | category: garnish | date: 2024-02-14 - /home/alice/Загрузки/work/hadassah/doctor/views.py
2024-02-13 22:42:55,395 - INFO - views.py - post - ADD DISH | Save table: MenuByDay products with ids: 580 - /home/alice/Загрузки/work/hadassah/doctor/views.py
2024-02-13 22:42:55,398 - INFO - views.py - post - ADD DISH |  status: flex-order |  table: ModifiedDish | product"s id: 580 | user: Агабабаева Марал Иосифовна | meal: breakfast | category: salad | date: 2024-02-14 - /home/alice/Загрузки/work/hadassah/doctor/views.py
2024-02-13 22:43:43,794 - INFO - views.py - post - ADD DISH | Save table: MenuByDay products with ids: 580 - /home/alice/Загрузки/work/hadassah/doctor/views.py
2024-02-13 22:43:43,804 - INFO - views.py - post - ADD DISH |  status: flex-order |  table: ModifiedDish | product"s id: 580 | user: Агабабаева Марал Иосифовна | meal: breakfast | category: soup | date: 2024-02-14 - /home/alice/Загрузки/work/hadassah/doctor/views.py
2024-02-13 22:44:44,545 - INFO - views.py - post - ADD DISH | Save table: MenuByDay products with ids: 580 - /home/alice/Загрузки/work/hadassah/doctor/views.py
2024-02-13 22:44:44,554 - INFO - views.py - post - ADD DISH |  status: flex-order |  table: ModifiedDish | product"s id: 580 | user: Агабабаева Марал Иосифовна | meal: breakfast | category: salad | date: 2024-02-14 - /home/alice/Загрузки/work/hadassah/doctor/views.py
2024-02-13 22:46:02,387 - INFO - views.py - post - ADD DISH | Save table: MenuByDay products with ids: 580 - /home/alice/Загрузки/work/hadassah/doctor/views.py
2024-02-13 22:46:02,392 - INFO - views.py - post - ADD DISH |  status: flex-order |  table: ModifiedDish | product"s id: 580 | user: Агабабаева Марал Иосифовна | meal: breakfast | category: soup | date: 2024-02-14 - /home/alice/Загрузки/work/hadassah/doctor/views.py
2024-02-13 22:51:11,550 - INFO - views.py - post - ADD DISH | Save table: MenuByDay products with ids: 365,580 - /home/alice/Загрузки/work/hadassah/doctor/views.py
2024-02-13 22:51:11,554 - INFO - views.py - post - ADD DISH |  status: flex-order |  table: ModifiedDish | product"s id: 580 | user: Агабабаева Марал Иосифовна | meal: breakfast | category: main | date: 2024-02-14 - /home/alice/Загрузки/work/hadassah/doctor/views.py
2024-02-13 23:17:17,297 - INFO - views.py - post - ADD DISH | Save table: MenuByDay products with ids: 365,580,cafe-cat-2227 - /home/alice/Загрузки/work/hadassah/doctor/views.py
2024-02-13 23:19:39,528 - INFO - views.py - post - ADD DISH | Save table: MenuByDay products with ids: 580 - /home/alice/Загрузки/work/hadassah/doctor/views.py
2024-02-13 23:25:33,621 - INFO - views.py - post - ADD DISH | Save table: MenuByDay products with ids: 365,580 - /home/alice/Загрузки/work/hadassah/doctor/views.py
2024-02-13 23:27:30,531 - INFO - views.py - post - ADD DISH | Save table: MenuByDay products with ids: 580 - /home/alice/Загрузки/work/hadassah/doctor/views.py
2024-02-13 23:58:23,495 - INFO - views.py - delete - DELETE DISH | Save table: MenuByDay products with ids: 579 - /home/alice/Загрузки/work/hadassah/doctor/views.py
2024-02-13 23:58:23,502 - ERROR - views.py - delete - DELETE DISH | cant delete table: MenuByDay | user: Агабабаева Марал Иосифовна | product: 579 | date: 2024-02-14 | meal : breakfast |  - /home/alice/Загрузки/work/hadassah/doctor/views.py
2024-02-13 23:58:40,587 - INFO - views.py - post - ADD DISH | Save table: MenuByDay products with ids: 579,458 - /home/alice/Загрузки/work/hadassah/doctor/views.py
2024-02-13 23:58:40,592 - INFO - views.py - post - ADD DISH |  status: flex-order |  table: ModifiedDish | product"s id: 458 | user: Агабабаева Марал Иосифовна | meal: breakfast | category: drink | date: 2024-02-14 | author:  - /home/alice/Загрузки/work/hadassah/doctor/views.py
2024-02-13 23:58:44,991 - ERROR - views.py - put - CHANGE DISH | cant delete table: MenuByDay | user: Агабабаева Марал Иосифовна | product: 490 | date: 2024-02-14 | meal : lunch |  - /home/alice/Загрузки/work/hadassah/doctor/views.py
2024-02-13 23:58:44,995 - INFO - views.py - put - CHANGE DISH |  status: flex-order |  table: ModifiedDish | product id add: 455 | product id del: 490user: Агабабаева Марал Иосифовна | meal: lunch | category: products | date: 2024-02-14 | author:  - /home/alice/Загрузки/work/hadassah/doctor/views.py
